<?xml version="1.0" encoding="UTF-8"?>
<!-- Generated by org.testng.reporters.JUnitXMLReporter -->
<testsuite hostname="Vishnu-PC" name="AddEmployee" tests="2" failures="1" timestamp="15 Feb 2017 03:41:41 GMT" time="47.807" errors="0">
  <testcase name="verifyAddEmployeeTest" time="26.667" classname="com.orangehrm.tests.AddEmployeeTest"/>
  <testcase name="verifyFooterText" time="0.172" classname="com.orangehrm.tests.LoginTest">
    <failure type="java.lang.AssertionError" message="expected [OrangeHRM ver 3.0.1 � OrangeHRM Inc. 2005 - 2017 All rights reserved.] but found [OrangeHRM ver 3.0.1 © OrangeHRM Inc. 2005 - 2017 All rights reserved.]">
      <![CDATA[java.lang.AssertionError: expected [OrangeHRM ver 3.0.1 � OrangeHRM Inc. 2005 - 2017 All rights reserved.] but found [OrangeHRM ver 3.0.1 © OrangeHRM Inc. 2005 - 2017 All rights reserved.]
	at com.orangehrm.tests.LoginTest.verifyFooterText(LoginTest.java:15)
... Removed 39 stack frames]]>
    </failure>
  </testcase> <!-- verifyFooterText -->
</testsuite> <!-- AddEmployee -->
